<?xml version="1.0" encoding="UTF-8"?>
<testsuite name="IsPalindromeTest" tests="1" skipped="0" failures="0" errors="0" timestamp="2018-05-23T12:26:14" hostname="Andrews-MacBook-Air.local" time="0.001">
  <properties/>
  <testcase name="testSolution" classname="IsPalindromeTest" time="0.001"/>
  <system-out><![CDATA[]]></system-out>
  <system-err><![CDATA[]]></system-err>
</testsuite>
